<?xml version="1.0" encoding="UTF-8"?>
<!-- Generated by org.testng.reporters.JUnitReportReporter -->
<testsuite hostname="NP2008" failures="0" tests="1" name="com.test.tekarchapitest.SimpleCRUD" time="1.277" errors="0" timestamp="2022-10-25T15:55:47 EDT" skipped="0">
  <testcase classname="com.test.tekarchapitest.SimpleCRUD" name="deleteUserInfo" time="1.277"/>
  <system-out/>
</testsuite> <!-- com.test.tekarchapitest.SimpleCRUD -->
